<?xml version="1.0" encoding="UTF-8"?>
<checkstyle version="7.8">
<file name="G:\openTCS-4.7.0-src\openTCS-Kernel\src\test\java\org\opentcs\DataObjectFactory.java">
<error line="0" severity="error" message="File does not end with a newline." source="com.puppycrawl.tools.checkstyle.checks.NewlineAtEndOfFileCheck"/>
<error line="0" severity="info" message="Missing package-info.java file." source="com.puppycrawl.tools.checkstyle.checks.javadoc.JavadocPackageCheck"/>
<error line="24" column="3" severity="warning" message="Missing a Javadoc comment." source="com.puppycrawl.tools.checkstyle.checks.javadoc.JavadocVariableCheck"/>
<error line="26" column="3" severity="warning" message="Missing a Javadoc comment." source="com.puppycrawl.tools.checkstyle.checks.javadoc.JavadocVariableCheck"/>
<error line="28" column="3" severity="warning" message="Missing a Javadoc comment." source="com.puppycrawl.tools.checkstyle.checks.javadoc.JavadocVariableCheck"/>
<error line="30" column="3" severity="warning" message="Missing a Javadoc comment." source="com.puppycrawl.tools.checkstyle.checks.javadoc.JavadocVariableCheck"/>
<error line="32" column="3" severity="warning" message="Missing a Javadoc comment." source="com.puppycrawl.tools.checkstyle.checks.javadoc.JavadocVariableCheck"/>
<error line="34" column="3" severity="warning" message="Missing a Javadoc comment." source="com.puppycrawl.tools.checkstyle.checks.javadoc.JavadocVariableCheck"/>
</file>
<file name="G:\openTCS-4.7.0-src\openTCS-Kernel\src\test\java\org\opentcs\TestEnvironment.java">
<error line="0" severity="error" message="File does not end with a newline." source="com.puppycrawl.tools.checkstyle.checks.NewlineAtEndOfFileCheck"/>
<error line="73" severity="info" message="Uncommented main method found." source="com.puppycrawl.tools.checkstyle.checks.UncommentedMainCheck"/>
<error line="73" column="36" severity="warning" message="Expected @param tag for &apos;args&apos;." source="com.puppycrawl.tools.checkstyle.checks.javadoc.JavadocMethodCheck"/>
</file>
<file name="G:\openTCS-4.7.0-src\openTCS-Kernel\src\test\java\org\opentcs\documentation\CreateTransportOrderSequenceTest.java">
<error line="0" severity="error" message="File does not end with a newline." source="com.puppycrawl.tools.checkstyle.checks.NewlineAtEndOfFileCheck"/>
<error line="0" severity="info" message="Missing package-info.java file." source="com.puppycrawl.tools.checkstyle.checks.javadoc.JavadocPackageCheck"/>
<error line="36" severity="info" message="Class should define a constructor." source="com.puppycrawl.tools.checkstyle.checks.coding.MissingCtorCheck"/>
<error line="38" column="3" severity="warning" message="Missing a Javadoc comment." source="com.puppycrawl.tools.checkstyle.checks.javadoc.JavadocVariableCheck"/>
</file>
<file name="G:\openTCS-4.7.0-src\openTCS-Kernel\src\test\java\org\opentcs\documentation\CreateTransportOrderTest.java">
<error line="0" severity="error" message="File does not end with a newline." source="com.puppycrawl.tools.checkstyle.checks.NewlineAtEndOfFileCheck"/>
<error line="37" severity="info" message="Class should define a constructor." source="com.puppycrawl.tools.checkstyle.checks.coding.MissingCtorCheck"/>
<error line="39" column="3" severity="warning" message="Missing a Javadoc comment." source="com.puppycrawl.tools.checkstyle.checks.javadoc.JavadocVariableCheck"/>
</file>
<file name="G:\openTCS-4.7.0-src\openTCS-Kernel\src\test\java\org\opentcs\documentation\ReceiveCommAdapterMessageTest.java">
<error line="0" severity="error" message="File does not end with a newline." source="com.puppycrawl.tools.checkstyle.checks.NewlineAtEndOfFileCheck"/>
<error line="34" severity="info" message="Class should define a constructor." source="com.puppycrawl.tools.checkstyle.checks.coding.MissingCtorCheck"/>
<error line="36" column="3" severity="warning" message="Missing a Javadoc comment." source="com.puppycrawl.tools.checkstyle.checks.javadoc.JavadocVariableCheck"/>
<error line="38" column="3" severity="warning" message="Missing a Javadoc comment." source="com.puppycrawl.tools.checkstyle.checks.javadoc.JavadocVariableCheck"/>
<error line="40" column="3" severity="warning" message="Missing a Javadoc comment." source="com.puppycrawl.tools.checkstyle.checks.javadoc.JavadocVariableCheck"/>
</file>
<file name="G:\openTCS-4.7.0-src\openTCS-Kernel\src\test\java\org\opentcs\documentation\WithdrawTransportOrderTest.java">
<error line="0" severity="error" message="File does not end with a newline." source="com.puppycrawl.tools.checkstyle.checks.NewlineAtEndOfFileCheck"/>
<error line="31" severity="info" message="Class should define a constructor." source="com.puppycrawl.tools.checkstyle.checks.coding.MissingCtorCheck"/>
<error line="33" column="3" severity="warning" message="Missing a Javadoc comment." source="com.puppycrawl.tools.checkstyle.checks.javadoc.JavadocVariableCheck"/>
<error line="35" column="3" severity="warning" message="Missing a Javadoc comment." source="com.puppycrawl.tools.checkstyle.checks.javadoc.JavadocVariableCheck"/>
</file>
<file name="G:\openTCS-4.7.0-src\openTCS-Kernel\src\test\java\org\opentcs\kernel\KernelStateOperatingTest.java">
<error line="0" severity="error" message="File does not end with a newline." source="com.puppycrawl.tools.checkstyle.checks.NewlineAtEndOfFileCheck"/>
<error line="0" severity="info" message="Missing package-info.java file." source="com.puppycrawl.tools.checkstyle.checks.javadoc.JavadocPackageCheck"/>
<error line="35" severity="warning" message="Javadoc has empty description section." source="com.puppycrawl.tools.checkstyle.checks.javadoc.JavadocStyleCheck"/>
<error line="39" severity="info" message="Class should define a constructor." source="com.puppycrawl.tools.checkstyle.checks.coding.MissingCtorCheck"/>
<error line="41" column="3" severity="warning" message="Missing a Javadoc comment." source="com.puppycrawl.tools.checkstyle.checks.javadoc.JavadocVariableCheck"/>
<error line="43" column="3" severity="warning" message="Missing a Javadoc comment." source="com.puppycrawl.tools.checkstyle.checks.javadoc.JavadocVariableCheck"/>
<error line="43" column="15" severity="info" message="Variable &apos;objectID&apos; explicitly initialized to &apos;0&apos; (default value for its type)." source="com.puppycrawl.tools.checkstyle.checks.coding.ExplicitInitializationCheck"/>
<error line="45" column="3" severity="warning" message="Missing a Javadoc comment." source="com.puppycrawl.tools.checkstyle.checks.javadoc.JavadocVariableCheck"/>
<error line="47" column="3" severity="warning" message="Missing a Javadoc comment." source="com.puppycrawl.tools.checkstyle.checks.javadoc.JavadocVariableCheck"/>
<error line="49" column="3" severity="warning" message="Missing a Javadoc comment." source="com.puppycrawl.tools.checkstyle.checks.javadoc.JavadocVariableCheck"/>
<error line="51" column="3" severity="warning" message="Missing a Javadoc comment." source="com.puppycrawl.tools.checkstyle.checks.javadoc.JavadocVariableCheck"/>
<error line="53" column="3" severity="warning" message="Missing a Javadoc comment." source="com.puppycrawl.tools.checkstyle.checks.javadoc.JavadocVariableCheck"/>
<error line="55" column="3" severity="warning" message="Missing a Javadoc comment." source="com.puppycrawl.tools.checkstyle.checks.javadoc.JavadocVariableCheck"/>
<error line="57" column="3" severity="warning" message="Missing a Javadoc comment." source="com.puppycrawl.tools.checkstyle.checks.javadoc.JavadocVariableCheck"/>
<error line="59" column="3" severity="warning" message="Missing a Javadoc comment." source="com.puppycrawl.tools.checkstyle.checks.javadoc.JavadocVariableCheck"/>
<error line="61" column="3" severity="warning" message="Missing a Javadoc comment." source="com.puppycrawl.tools.checkstyle.checks.javadoc.JavadocVariableCheck"/>
</file>
<file name="G:\openTCS-4.7.0-src\openTCS-Kernel\src\test\java\org\opentcs\kernel\QueriesTest.java">
<error line="0" severity="error" message="File does not end with a newline." source="com.puppycrawl.tools.checkstyle.checks.NewlineAtEndOfFileCheck"/>
<error line="15" severity="warning" message="Javadoc has empty description section." source="com.puppycrawl.tools.checkstyle.checks.javadoc.JavadocStyleCheck"/>
<error line="19" severity="info" message="Class should define a constructor." source="com.puppycrawl.tools.checkstyle.checks.coding.MissingCtorCheck"/>
</file>
<file name="G:\openTCS-4.7.0-src\openTCS-Kernel\src\test\java\org\opentcs\kernel\StandardKernelTest.java">
<error line="0" severity="error" message="File does not end with a newline." source="com.puppycrawl.tools.checkstyle.checks.NewlineAtEndOfFileCheck"/>
<error line="34" severity="info" message="Class should define a constructor." source="com.puppycrawl.tools.checkstyle.checks.coding.MissingCtorCheck"/>
<error line="41" column="3" severity="warning" message="Missing a Javadoc comment." source="com.puppycrawl.tools.checkstyle.checks.javadoc.JavadocVariableCheck"/>
<error line="42" column="3" severity="warning" message="Missing a Javadoc comment." source="com.puppycrawl.tools.checkstyle.checks.javadoc.JavadocVariableCheck"/>
<error line="43" column="3" severity="warning" message="Missing a Javadoc comment." source="com.puppycrawl.tools.checkstyle.checks.javadoc.JavadocVariableCheck"/>
<error line="94" severity="info" message="Missing a Javadoc comment." source="com.puppycrawl.tools.checkstyle.checks.javadoc.JavadocTypeCheck"/>
<error line="97" column="5" severity="warning" message="Missing a Javadoc comment." source="com.puppycrawl.tools.checkstyle.checks.javadoc.JavadocVariableCheck"/>
</file>
<file name="G:\openTCS-4.7.0-src\openTCS-Kernel\src\test\java\org\opentcs\kernel\controlcenter\vehicles\AttachmentManagerTest.java">
<error line="0" severity="error" message="File does not end with a newline." source="com.puppycrawl.tools.checkstyle.checks.NewlineAtEndOfFileCheck"/>
<error line="0" severity="info" message="Missing package-info.java file." source="com.puppycrawl.tools.checkstyle.checks.javadoc.JavadocPackageCheck"/>
<error line="48" column="3" severity="warning" message="Missing a Javadoc comment." source="com.puppycrawl.tools.checkstyle.checks.javadoc.JavadocVariableCheck"/>
<error line="49" column="3" severity="warning" message="Missing a Javadoc comment." source="com.puppycrawl.tools.checkstyle.checks.javadoc.JavadocVariableCheck"/>
<error line="50" column="3" severity="warning" message="Missing a Javadoc comment." source="com.puppycrawl.tools.checkstyle.checks.javadoc.JavadocVariableCheck"/>
<error line="51" column="3" severity="warning" message="Missing a Javadoc comment." source="com.puppycrawl.tools.checkstyle.checks.javadoc.JavadocVariableCheck"/>
<error line="52" column="3" severity="warning" message="Missing a Javadoc comment." source="com.puppycrawl.tools.checkstyle.checks.javadoc.JavadocVariableCheck"/>
<error line="53" column="3" severity="warning" message="Missing a Javadoc comment." source="com.puppycrawl.tools.checkstyle.checks.javadoc.JavadocVariableCheck"/>
<error line="55" column="3" severity="warning" message="Missing a Javadoc comment." source="com.puppycrawl.tools.checkstyle.checks.javadoc.JavadocVariableCheck"/>
<error line="55" column="3" severity="warning" message="Static variable definition in wrong order." source="com.puppycrawl.tools.checkstyle.checks.coding.DeclarationOrderCheck"/>
<error line="56" column="3" severity="warning" message="Missing a Javadoc comment." source="com.puppycrawl.tools.checkstyle.checks.javadoc.JavadocVariableCheck"/>
<error line="56" column="3" severity="warning" message="Static variable definition in wrong order." source="com.puppycrawl.tools.checkstyle.checks.coding.DeclarationOrderCheck"/>
<error line="57" column="3" severity="warning" message="Missing a Javadoc comment." source="com.puppycrawl.tools.checkstyle.checks.javadoc.JavadocVariableCheck"/>
<error line="57" column="25" severity="error" message="Name &apos;VEHICLE_1&apos; must match pattern &apos;^[a-z][a-zA-Z0-9]*$&apos;." source="com.puppycrawl.tools.checkstyle.checks.naming.MemberNameCheck"/>
<error line="58" column="3" severity="warning" message="Missing a Javadoc comment." source="com.puppycrawl.tools.checkstyle.checks.javadoc.JavadocVariableCheck"/>
<error line="58" column="25" severity="error" message="Name &apos;VEHICLE_2&apos; must match pattern &apos;^[a-z][a-zA-Z0-9]*$&apos;." source="com.puppycrawl.tools.checkstyle.checks.naming.MemberNameCheck"/>
<error line="159" severity="info" message="Missing a Javadoc comment." source="com.puppycrawl.tools.checkstyle.checks.javadoc.JavadocTypeCheck"/>
<error line="199" severity="info" message="Class should define a constructor." source="com.puppycrawl.tools.checkstyle.checks.coding.MissingCtorCheck"/>
<error line="199" severity="info" message="Missing a Javadoc comment." source="com.puppycrawl.tools.checkstyle.checks.javadoc.JavadocTypeCheck"/>
<error line="209" column="14" severity="warning" message="Unnecessary parentheses around return value." source="com.puppycrawl.tools.checkstyle.checks.coding.UnnecessaryParenthesesCheck"/>
</file>
<file name="G:\openTCS-4.7.0-src\openTCS-Kernel\src\test\java\org\opentcs\kernel\persistence\XMLFileModelPersisterTest.java">
<error line="0" severity="error" message="File does not end with a newline." source="com.puppycrawl.tools.checkstyle.checks.NewlineAtEndOfFileCheck"/>
<error line="0" severity="info" message="Missing package-info.java file." source="com.puppycrawl.tools.checkstyle.checks.javadoc.JavadocPackageCheck"/>
<error line="36" severity="warning" message="Javadoc has empty description section." source="com.puppycrawl.tools.checkstyle.checks.javadoc.JavadocStyleCheck"/>
<error line="40" severity="info" message="Class should define a constructor." source="com.puppycrawl.tools.checkstyle.checks.coding.MissingCtorCheck"/>
<error line="46" column="3" severity="warning" message="Missing a Javadoc comment." source="com.puppycrawl.tools.checkstyle.checks.javadoc.JavadocVariableCheck"/>
<error line="211" column="5" severity="warning" message="Missing a Javadoc comment." source="com.puppycrawl.tools.checkstyle.checks.javadoc.JavadocVariableCheck"/>
<error line="230" column="5" severity="warning" message="Missing a Javadoc comment." source="com.puppycrawl.tools.checkstyle.checks.javadoc.JavadocVariableCheck"/>
</file>
<file name="G:\openTCS-4.7.0-src\openTCS-Kernel\src\test\java\org\opentcs\kernel\vehicles\DefaultVehicleControllerTest.java">
<error line="0" severity="error" message="File does not end with a newline." source="com.puppycrawl.tools.checkstyle.checks.NewlineAtEndOfFileCheck"/>
<error line="0" severity="info" message="Missing package-info.java file." source="com.puppycrawl.tools.checkstyle.checks.javadoc.JavadocPackageCheck"/>
<error line="51" severity="info" message="Class should define a constructor." source="com.puppycrawl.tools.checkstyle.checks.coding.MissingCtorCheck"/>
<error line="53" column="3" severity="warning" message="Missing a Javadoc comment." source="com.puppycrawl.tools.checkstyle.checks.javadoc.JavadocVariableCheck"/>
<error line="86" severity="warning" message="First sentence should end with a period." source="com.puppycrawl.tools.checkstyle.checks.javadoc.JavadocStyleCheck"/>
</file>
<file name="G:\openTCS-4.7.0-src\openTCS-Kernel\src\test\java\org\opentcs\kernel\vehicles\StandardVehicleManagerPoolTest.java">
<error line="0" severity="error" message="File does not end with a newline." source="com.puppycrawl.tools.checkstyle.checks.NewlineAtEndOfFileCheck"/>
<error line="16" severity="warning" message="Javadoc has empty description section." source="com.puppycrawl.tools.checkstyle.checks.javadoc.JavadocStyleCheck"/>
<error line="21" severity="info" message="Class should define a constructor." source="com.puppycrawl.tools.checkstyle.checks.coding.MissingCtorCheck"/>
<error line="39" severity="warning" message="First sentence should end with a period." source="com.puppycrawl.tools.checkstyle.checks.javadoc.JavadocStyleCheck"/>
<error line="75" severity="info" message="Class should define a constructor." source="com.puppycrawl.tools.checkstyle.checks.coding.MissingCtorCheck"/>
</file>
<file name="G:\openTCS-4.7.0-src\openTCS-Kernel\src\test\java\org\opentcs\kernel\workingset\AutoGrowingArrayListTest.java">
<error line="0" severity="error" message="File does not end with a newline." source="com.puppycrawl.tools.checkstyle.checks.NewlineAtEndOfFileCheck"/>
<error line="0" severity="info" message="Missing package-info.java file." source="com.puppycrawl.tools.checkstyle.checks.javadoc.JavadocPackageCheck"/>
<error line="23" severity="info" message="Class should define a constructor." source="com.puppycrawl.tools.checkstyle.checks.coding.MissingCtorCheck"/>
</file>
<file name="G:\openTCS-4.7.0-src\openTCS-Kernel\src\test\java\org\opentcs\kernel\workingset\ModelTest.java">
<error line="0" severity="error" message="File does not end with a newline." source="com.puppycrawl.tools.checkstyle.checks.NewlineAtEndOfFileCheck"/>
<error line="28" severity="warning" message="Javadoc has empty description section." source="com.puppycrawl.tools.checkstyle.checks.javadoc.JavadocStyleCheck"/>
<error line="32" severity="info" message="Class should define a constructor." source="com.puppycrawl.tools.checkstyle.checks.coding.MissingCtorCheck"/>
<error line="61" column="14" severity="warning" message="Expected @throws tag for &apos;ObjectUnknownException&apos;." source="com.puppycrawl.tools.checkstyle.checks.javadoc.JavadocMethodCheck"/>
</file>
<file name="G:\openTCS-4.7.0-src\openTCS-Kernel\src\test\java\org\opentcs\kernel\workingset\NotificationBufferTest.java">
<error line="0" severity="error" message="File does not end with a newline." source="com.puppycrawl.tools.checkstyle.checks.NewlineAtEndOfFileCheck"/>
<error line="24" severity="info" message="Class should define a constructor." source="com.puppycrawl.tools.checkstyle.checks.coding.MissingCtorCheck"/>
<error line="62" severity="warning" message="Line is longer than 100 characters (found 107)." source="com.puppycrawl.tools.checkstyle.checks.sizes.LineLengthCheck"/>
</file>
<file name="G:\openTCS-4.7.0-src\openTCS-Kernel\src\test\java\org\opentcs\kernel\workingset\TCSObjectPoolTest.java">
<error line="0" severity="error" message="File does not end with a newline." source="com.puppycrawl.tools.checkstyle.checks.NewlineAtEndOfFileCheck"/>
<error line="37" severity="info" message="Class should define a constructor." source="com.puppycrawl.tools.checkstyle.checks.coding.MissingCtorCheck"/>
</file>
<file name="G:\openTCS-4.7.0-src\openTCS-Kernel\src\test\java\org\opentcs\kernel\xmlorders\binding\TCSOrderSetTest.java">
<error line="0" severity="error" message="File does not end with a newline." source="com.puppycrawl.tools.checkstyle.checks.NewlineAtEndOfFileCheck"/>
<error line="0" severity="info" message="Missing package-info.java file." source="com.puppycrawl.tools.checkstyle.checks.javadoc.JavadocPackageCheck"/>
<error line="27" severity="warning" message="Javadoc has empty description section." source="com.puppycrawl.tools.checkstyle.checks.javadoc.JavadocStyleCheck"/>
</file>
<file name="G:\openTCS-4.7.0-src\openTCS-Kernel\src\test\java\org\opentcs\kernel\xmlorders\binding\TCSResponseSetTest.java">
<error line="0" severity="error" message="File does not end with a newline." source="com.puppycrawl.tools.checkstyle.checks.NewlineAtEndOfFileCheck"/>
<error line="18" severity="warning" message="Javadoc has empty description section." source="com.puppycrawl.tools.checkstyle.checks.javadoc.JavadocStyleCheck"/>
</file>
<file name="G:\openTCS-4.7.0-src\openTCS-Kernel\src\test\java\org\opentcs\kernel\xmlstatus\binding\TCSStatusMessageSetTest.java">
<error line="0" severity="error" message="File does not end with a newline." source="com.puppycrawl.tools.checkstyle.checks.NewlineAtEndOfFileCheck"/>
<error line="0" severity="info" message="Missing package-info.java file." source="com.puppycrawl.tools.checkstyle.checks.javadoc.JavadocPackageCheck"/>
<error line="23" severity="warning" message="Javadoc has empty description section." source="com.puppycrawl.tools.checkstyle.checks.javadoc.JavadocStyleCheck"/>
</file>
</checkstyle>
